

Started GET "/" for 127.0.0.1 at 2013-09-22 13:13:40 -0700
Processing by Rails::WelcomeController#index as HTML
  Rendered /Users/Madhu/.rbenv/versions/1.9.3-p429/lib/ruby/gems/1.9.1/gems/railties-4.0.0/lib/rails/templates/rails/welcome/index.html.erb (3.0ms)
Completed 200 OK in 39ms (Views: 38.4ms | ActiveRecord: 0.0ms)


Started GET "/static_pages/home" for 127.0.0.1 at 2013-09-22 13:13:57 -0700
Processing by StaticPagesController#home as HTML
  Rendered static_pages/home.html.erb within layouts/application (0.3ms)
Completed 200 OK in 1341ms (Views: 1340.1ms | ActiveRecord: 0.0ms)


Started GET "/assets/application.css?body=1" for 127.0.0.1 at 2013-09-22 13:13:59 -0700


Started GET "/assets/turbolinks.js?body=1" for 127.0.0.1 at 2013-09-22 13:13:59 -0700


Started GET "/assets/jquery.js?body=1" for 127.0.0.1 at 2013-09-22 13:13:59 -0700


Started GET "/assets/static_pages.css?body=1" for 127.0.0.1 at 2013-09-22 13:13:59 -0700


Started GET "/assets/jquery_ujs.js?body=1" for 127.0.0.1 at 2013-09-22 13:13:59 -0700


Started GET "/assets/static_pages.js?body=1" for 127.0.0.1 at 2013-09-22 13:13:59 -0700


Started GET "/assets/application.js?body=1" for 127.0.0.1 at 2013-09-22 13:13:59 -0700


Started GET "/" for 127.0.0.1 at 2013-09-23 09:46:18 -0700
Processing by Rails::WelcomeController#index as HTML
  Rendered /Users/Madhu/.rbenv/versions/1.9.3-p429/lib/ruby/gems/1.9.1/gems/railties-4.0.0/lib/rails/templates/rails/welcome/index.html.erb (0.1ms)
Completed 200 OK in 33ms (Views: 32.2ms | ActiveRecord: 0.0ms)


Started GET "/" for 127.0.0.1 at 2013-09-24 09:36:05 -0700
Processing by Rails::WelcomeController#index as HTML
  Rendered /Users/Madhu/.rbenv/versions/1.9.3-p429/lib/ruby/gems/1.9.1/gems/railties-4.0.0/lib/rails/templates/rails/welcome/index.html.erb (2.1ms)
Completed 200 OK in 10ms (Views: 9.9ms | ActiveRecord: 0.0ms)


Started GET "/static_pages/home" for 127.0.0.1 at 2013-09-24 09:36:12 -0700
Processing by StaticPagesController#home as HTML
  Rendered static_pages/home.html.erb (0.3ms)
Completed 200 OK in 2ms (Views: 1.8ms | ActiveRecord: 0.0ms)


Started GET "/" for 127.0.0.1 at 2013-10-06 10:48:40 -0700
Processing by Rails::WelcomeController#index as HTML
  Rendered /Users/Madhu/.rbenv/versions/1.9.3-p429/lib/ruby/gems/1.9.1/gems/railties-4.0.0/lib/rails/templates/rails/welcome/index.html.erb (2.5ms)
Completed 200 OK in 11ms (Views: 10.6ms | ActiveRecord: 0.0ms)


Started GET "/home" for 127.0.0.1 at 2013-10-06 10:48:44 -0700

ActionController::RoutingError (No route matches [GET] "/home"):
  actionpack (4.0.0) lib/action_dispatch/middleware/debug_exceptions.rb:21:in `call'
  actionpack (4.0.0) lib/action_dispatch/middleware/show_exceptions.rb:30:in `call'
  railties (4.0.0) lib/rails/rack/logger.rb:38:in `call_app'
  railties (4.0.0) lib/rails/rack/logger.rb:21:in `block in call'
  activesupport (4.0.0) lib/active_support/tagged_logging.rb:67:in `block in tagged'
  activesupport (4.0.0) lib/active_support/tagged_logging.rb:25:in `tagged'
  activesupport (4.0.0) lib/active_support/tagged_logging.rb:67:in `tagged'
  railties (4.0.0) lib/rails/rack/logger.rb:21:in `call'
  actionpack (4.0.0) lib/action_dispatch/middleware/request_id.rb:21:in `call'
  rack (1.5.2) lib/rack/methodoverride.rb:21:in `call'
  rack (1.5.2) lib/rack/runtime.rb:17:in `call'
  activesupport (4.0.0) lib/active_support/cache/strategy/local_cache.rb:83:in `call'
  rack (1.5.2) lib/rack/lock.rb:17:in `call'
  actionpack (4.0.0) lib/action_dispatch/middleware/static.rb:64:in `call'
  railties (4.0.0) lib/rails/engine.rb:511:in `call'
  railties (4.0.0) lib/rails/application.rb:97:in `call'
  rack (1.5.2) lib/rack/lock.rb:17:in `call'
  rack (1.5.2) lib/rack/content_length.rb:14:in `call'
  rack (1.5.2) lib/rack/handler/webrick.rb:60:in `service'
  /Users/Madhu/.rbenv/versions/1.9.3-p429/lib/ruby/1.9.1/webrick/httpserver.rb:138:in `service'
  /Users/Madhu/.rbenv/versions/1.9.3-p429/lib/ruby/1.9.1/webrick/httpserver.rb:94:in `run'
  /Users/Madhu/.rbenv/versions/1.9.3-p429/lib/ruby/1.9.1/webrick/server.rb:191:in `block in start_thread'


  Rendered /Users/Madhu/.rbenv/versions/1.9.3-p429/lib/ruby/gems/1.9.1/gems/actionpack-4.0.0/lib/action_dispatch/middleware/templates/rescues/_trace.erb (1.1ms)
  Rendered /Users/Madhu/.rbenv/versions/1.9.3-p429/lib/ruby/gems/1.9.1/gems/actionpack-4.0.0/lib/action_dispatch/middleware/templates/routes/_route.html.erb (1.1ms)
  Rendered /Users/Madhu/.rbenv/versions/1.9.3-p429/lib/ruby/gems/1.9.1/gems/actionpack-4.0.0/lib/action_dispatch/middleware/templates/routes/_table.html.erb (55.8ms)
  Rendered /Users/Madhu/.rbenv/versions/1.9.3-p429/lib/ruby/gems/1.9.1/gems/actionpack-4.0.0/lib/action_dispatch/middleware/templates/rescues/routing_error.erb within rescues/layout (99.7ms)


Started GET "/" for 127.0.0.1 at 2013-10-06 10:49:25 -0700
Processing by Rails::WelcomeController#index as HTML
  Rendered /Users/Madhu/.rbenv/versions/1.9.3-p429/lib/ruby/gems/1.9.1/gems/railties-4.0.0/lib/rails/templates/rails/welcome/index.html.erb (0.1ms)
Completed 200 OK in 2ms (Views: 1.4ms | ActiveRecord: 0.0ms)


Started GET "/static_pages/home" for 127.0.0.1 at 2013-10-06 10:49:30 -0700
Processing by StaticPagesController#home as HTML
  Rendered static_pages/home.html.erb within layouts/application (0.4ms)
Completed 200 OK in 255ms (Views: 254.0ms | ActiveRecord: 0.0ms)


Started GET "/assets/application.css?body=1" for 127.0.0.1 at 2013-10-06 10:49:30 -0700


Started GET "/assets/static_pages.css?body=1" for 127.0.0.1 at 2013-10-06 10:49:30 -0700


Started GET "/assets/jquery_ujs.js?body=1" for 127.0.0.1 at 2013-10-06 10:49:30 -0700


Started GET "/assets/jquery.js?body=1" for 127.0.0.1 at 2013-10-06 10:49:30 -0700


Started GET "/assets/application.js?body=1" for 127.0.0.1 at 2013-10-06 10:49:30 -0700


Started GET "/assets/turbolinks.js?body=1" for 127.0.0.1 at 2013-10-06 10:49:30 -0700


Started GET "/assets/static_pages.js?body=1" for 127.0.0.1 at 2013-10-06 10:49:30 -0700


Started GET "/static_pages/home" for 127.0.0.1 at 2013-10-06 10:50:19 -0700
Processing by StaticPagesController#home as HTML
  Rendered static_pages/home.html.erb within layouts/application (0.3ms)
Completed 200 OK in 5ms (Views: 4.5ms | ActiveRecord: 0.0ms)
